<?xml version="1.0" encoding="UTF-8"?>
<!-- Generated by org.testng.reporters.JUnitXMLReporter -->
<testsuite ignored="0" hostname="DESKTOP-5HVL8S7" failures="0" tests="6" name="Default test" time="7.684" errors="0" timestamp="2022-02-27T20:17:43 SGT">
  <testcase classname="com.ssdevops.devopsproj.NewTest" name="checkregister" time="0.918"/>
  <testcase classname="com.ssdevops.devopsproj.NewTest" name="checkedituser" time="1.197"/>
  <testcase classname="com.ssdevops.devopsproj.NewTest" name="checkdeleteuser" time="0.16"/>
  <testcase classname="com.ssdevops.devopsproj.NewTest" name="checkaddnotes" time="0.9"/>
  <testcase classname="com.ssdevops.devopsproj.NewTest" name="checkeditnote" time="1.737"/>
  <testcase classname="com.ssdevops.devopsproj.NewTest" name="checkdeletenote" time="0.368"/>
</testsuite> <!-- Default test -->
