<?xml version="1.0" encoding="UTF-8"?>
<!-- Generated by org.testng.reporters.JUnitXMLReporter -->
<testsuite ignored="1" hostname="DESKTOP-5HVL8S7" failures="0" tests="1" name="Default test" time="3.031" errors="0" timestamp="2022-02-26T02:58:33 SGT">
  <testcase classname="com.ssdevops.devopsproj.NewTest" name="checkeditnote" time="0.786"/>
  <testcase classname="com.ssdevops.devopsproj.NewTest" name="checkaddnotes" time="0.0">
    <ignored/>
  </testcase> <!-- checkaddnotes -->
</testsuite> <!-- Default test -->
