<?xml version="1.0" encoding="UTF-8"?>
<testng-results ignored="1" total="2" passed="1" failed="0" skipped="0">
  <reporter-output>
  </reporter-output>
  <suite started-at="2022-02-26T02:58:30 SGT" name="Default suite" finished-at="2022-02-26T02:58:33 SGT" duration-ms="3031">
    <groups>
    </groups>
    <test started-at="2022-02-26T02:58:30 SGT" name="Default test" finished-at="2022-02-26T02:58:33 SGT" duration-ms="3031">
      <class name="com.ssdevops.devopsproj.NewTest">
        <test-method is-config="true" signature="beforeTest()[pri:0, instance:com.ssdevops.devopsproj.NewTest@55f616cf]" started-at="2022-02-26T02:58:30 SGT" name="beforeTest" finished-at="2022-02-26T02:58:32 SGT" duration-ms="2080" status="PASS">
          <reporter-output>
          </reporter-output>
        </test-method> <!-- beforeTest -->
        <test-method signature="checkeditnote()[pri:0, instance:com.ssdevops.devopsproj.NewTest@55f616cf]" started-at="2022-02-26T02:58:32 SGT" name="checkeditnote" finished-at="2022-02-26T02:58:33 SGT" duration-ms="786" status="PASS">
          <reporter-output>
          </reporter-output>
        </test-method> <!-- checkeditnote -->
        <test-method is-config="true" signature="afterTest()[pri:0, instance:com.ssdevops.devopsproj.NewTest@55f616cf]" started-at="2022-02-26T02:58:33 SGT" name="afterTest" finished-at="2022-02-26T02:58:33 SGT" duration-ms="125" status="PASS">
          <reporter-output>
          </reporter-output>
        </test-method> <!-- afterTest -->
      </class> <!-- com.ssdevops.devopsproj.NewTest -->
    </test> <!-- Default test -->
  </suite> <!-- Default suite -->
</testng-results>
